<?xml version="1.0" encoding="UTF-8"?>
<!-- Generated by org.testng.reporters.JUnitXMLReporter -->
<testsuite hostname="Raktims-MacBook-Pro.local" ignored="0" name="Open Cart Login Page Test_chrome" tests="3" failures="1" timestamp="26 Dec 2022 17:44:34 GMT" time="17.093" errors="0">
  <testcase name="loginpageNavigationTest" time="1.18" classname="com.qa.opencart.tests.LoginPageTest"/>
  <testcase name="forgotPwdLinkExistsTest" time="0.043" classname="com.qa.opencart.tests.LoginPageTest">
    <failure type="java.lang.AssertionError" message="expected [true] but found [false]">
      <![CDATA[java.lang.AssertionError: expected [true] but found [false]
at com.qa.opencart.tests.LoginPageTest.forgotPwdLinkExistsTest(LoginPageTest.java:26)
at java.util.concurrent.FutureTask.run(FutureTask.java:266)
at java.util.concurrent.ThreadPoolExecutor.runWorker(ThreadPoolExecutor.java:1149)
at java.util.concurrent.ThreadPoolExecutor$Worker.run(ThreadPoolExecutor.java:624)
at java.lang.Thread.run(Thread.java:748)
... Removed 20 stack frames]]>
    </failure>
  </testcase> <!-- forgotPwdLinkExistsTest -->
  <testcase name="appLoginTest" time="0.859" classname="com.qa.opencart.tests.LoginPageTest"/>
</testsuite> <!-- Open Cart Login Page Test_chrome -->
