{"name":"loginpageNavigationTest","status":"skipped","statusDetails":{"known":false,"muted":false,"flaky":false,"message":"Error {\n  message='Chromium distribution 'msedge' is not found at /Applications/Microsoft Edge.app/Contents/MacOS/Microsoft Edge\nRun \"mvn exec:java -e -Dexec.mainClass=com.microsoft.playwright.CLI -Dexec.args=\"install msedge\"\"\n  name='Error\n  stack='Error: Chromium distribution 'msedge' is not found at /Applications/Microsoft Edge.app/Contents/MacOS/Microsoft Edge\nRun \"mvn exec:java -e -Dexec.mainClass=com.microsoft.playwright.CLI -Dexec.args=\"install msedge\"\"\n    at executablePath (/private/var/folders/b7/tv0xq3x53fq5_8b6yz80b3b40000gn/T/playwright-java-7420976277878664217/package/lib/utils/registry.js:452:13)\n    at Object.executablePathOrDie (/private/var/folders/b7/tv0xq3x53fq5_8b6yz80b3b40000gn/T/playwright-java-7420976277878664217/package/lib/utils/registry.js:461:43)\n    at Chromium._launchProcess (/private/var/folders/b7/tv0xq3x53fq5_8b6yz80b3b40000gn/T/playwright-java-7420976277878664217/package/lib/server/browserType.js:199:39)\n    at async Chromium._innerLaunch (/private/var/folders/b7/tv0xq3x53fq5_8b6yz80b3b40000gn/T/playwright-java-7420976277878664217/package/lib/server/browserType.js:127:9)\n    at async ProgressController.run (/private/var/folders/b7/tv0xq3x53fq5_8b6yz80b3b40000gn/T/playwright-java-7420976277878664217/package/lib/server/progress.js:101:22)\n    at async Chromium.launch (/private/var/folders/b7/tv0xq3x53fq5_8b6yz80b3b40000gn/T/playwright-java-7420976277878664217/package/lib/server/browserType.js:81:21)\n    at async BrowserTypeDispatcher.launch (/private/var/folders/b7/tv0xq3x53fq5_8b6yz80b3b40000gn/T/playwright-java-7420976277878664217/package/lib/dispatchers/browserTypeDispatcher.js:48:21)\n    at async DispatcherConnection.dispatch (/private/var/folders/b7/tv0xq3x53fq5_8b6yz80b3b40000gn/T/playwright-java-7420976277878664217/package/lib/dispatchers/dispatcher.js:352:22)\n}","trace":"com.microsoft.playwright.PlaywrightException: Error {\n  message='Chromium distribution 'msedge' is not found at /Applications/Microsoft Edge.app/Contents/MacOS/Microsoft Edge\nRun \"mvn exec:java -e -Dexec.mainClass=com.microsoft.playwright.CLI -Dexec.args=\"install msedge\"\"\n  name='Error\n  stack='Error: Chromium distribution 'msedge' is not found at /Applications/Microsoft Edge.app/Contents/MacOS/Microsoft Edge\nRun \"mvn exec:java -e -Dexec.mainClass=com.microsoft.playwright.CLI -Dexec.args=\"install msedge\"\"\n    at executablePath (/private/var/folders/b7/tv0xq3x53fq5_8b6yz80b3b40000gn/T/playwright-java-7420976277878664217/package/lib/utils/registry.js:452:13)\n    at Object.executablePathOrDie (/private/var/folders/b7/tv0xq3x53fq5_8b6yz80b3b40000gn/T/playwright-java-7420976277878664217/package/lib/utils/registry.js:461:43)\n    at Chromium._launchProcess (/private/var/folders/b7/tv0xq3x53fq5_8b6yz80b3b40000gn/T/playwright-java-7420976277878664217/package/lib/server/browserType.js:199:39)\n    at async Chromium._innerLaunch (/private/var/folders/b7/tv0xq3x53fq5_8b6yz80b3b40000gn/T/playwright-java-7420976277878664217/package/lib/server/browserType.js:127:9)\n    at async ProgressController.run (/private/var/folders/b7/tv0xq3x53fq5_8b6yz80b3b40000gn/T/playwright-java-7420976277878664217/package/lib/server/progress.js:101:22)\n    at async Chromium.launch (/private/var/folders/b7/tv0xq3x53fq5_8b6yz80b3b40000gn/T/playwright-java-7420976277878664217/package/lib/server/browserType.js:81:21)\n    at async BrowserTypeDispatcher.launch (/private/var/folders/b7/tv0xq3x53fq5_8b6yz80b3b40000gn/T/playwright-java-7420976277878664217/package/lib/dispatchers/browserTypeDispatcher.js:48:21)\n    at async DispatcherConnection.dispatch (/private/var/folders/b7/tv0xq3x53fq5_8b6yz80b3b40000gn/T/playwright-java-7420976277878664217/package/lib/dispatchers/dispatcher.js:352:22)\n}\n\tat com.microsoft.playwright.impl.WaitableResult.get(WaitableResult.java:54)\n\tat com.microsoft.playwright.impl.ChannelOwner.runUntil(ChannelOwner.java:103)\n\tat com.microsoft.playwright.impl.Connection.sendMessage(Connection.java:115)\n\tat com.microsoft.playwright.impl.ChannelOwner.sendMessage(ChannelOwner.java:94)\n\tat com.microsoft.playwright.impl.BrowserTypeImpl.launchImpl(BrowserTypeImpl.java:47)\n\tat com.microsoft.playwright.impl.BrowserTypeImpl.lambda$launch$0(BrowserTypeImpl.java:39)\n\tat com.microsoft.playwright.impl.LoggingSupport.withLogging(LoggingSupport.java:47)\n\tat com.microsoft.playwright.impl.ChannelOwner.withLogging(ChannelOwner.java:79)\n\tat com.microsoft.playwright.impl.BrowserTypeImpl.launch(BrowserTypeImpl.java:39)\n\tat com.microsoft.playwright.impl.BrowserTypeImpl.launch(BrowserTypeImpl.java:32)\n\tat com.qa.opencart.factory.PlaywrightFactory.initBrowser(PlaywrightFactory.java:75)\n\tat com.qa.opencart.base.BaseTest.setuP(BaseTest.java:33)\n\tat sun.reflect.NativeMethodAccessorImpl.invoke0(Native Method)\n\tat sun.reflect.NativeMethodAccessorImpl.invoke(NativeMethodAccessorImpl.java:62)\n\tat sun.reflect.DelegatingMethodAccessorImpl.invoke(DelegatingMethodAccessorImpl.java:43)\n\tat java.lang.reflect.Method.invoke(Method.java:498)\n\tat org.testng.internal.MethodInvocationHelper.invokeMethod(MethodInvocationHelper.java:124)\n\tat org.testng.internal.MethodInvocationHelper.invokeMethodConsideringTimeout(MethodInvocationHelper.java:59)\n\tat org.testng.internal.Invoker.invokeConfigurationMethod(Invoker.java:458)\n\tat org.testng.internal.Invoker.invokeConfigurations(Invoker.java:222)\n\tat org.testng.internal.Invoker.invokeConfigurations(Invoker.java:142)\n\tat org.testng.TestRunner.beforeRun(TestRunner.java:529)\n\tat org.testng.TestRunner.run(TestRunner.java:497)\n\tat org.testng.SuiteRunner.runTest(SuiteRunner.java:455)\n\tat org.testng.SuiteRunner.access$000(SuiteRunner.java:40)\n\tat org.testng.SuiteRunner$SuiteWorker.run(SuiteRunner.java:489)\n\tat org.testng.internal.thread.ThreadUtil$1.call(ThreadUtil.java:52)\n\tat java.util.concurrent.FutureTask.run(FutureTask.java:266)\n\tat java.util.concurrent.ThreadPoolExecutor.runWorker(ThreadPoolExecutor.java:1149)\n\tat java.util.concurrent.ThreadPoolExecutor$Worker.run(ThreadPoolExecutor.java:624)\n\tat java.lang.Thread.run(Thread.java:748)\nCaused by: com.microsoft.playwright.impl.DriverException: Error {\n  message='Chromium distribution 'msedge' is not found at /Applications/Microsoft Edge.app/Contents/MacOS/Microsoft Edge\nRun \"mvn exec:java -e -Dexec.mainClass=com.microsoft.playwright.CLI -Dexec.args=\"install msedge\"\"\n  name='Error\n  stack='Error: Chromium distribution 'msedge' is not found at /Applications/Microsoft Edge.app/Contents/MacOS/Microsoft Edge\nRun \"mvn exec:java -e -Dexec.mainClass=com.microsoft.playwright.CLI -Dexec.args=\"install msedge\"\"\n    at executablePath (/private/var/folders/b7/tv0xq3x53fq5_8b6yz80b3b40000gn/T/playwright-java-7420976277878664217/package/lib/utils/registry.js:452:13)\n    at Object.executablePathOrDie (/private/var/folders/b7/tv0xq3x53fq5_8b6yz80b3b40000gn/T/playwright-java-7420976277878664217/package/lib/utils/registry.js:461:43)\n    at Chromium._launchProcess (/private/var/folders/b7/tv0xq3x53fq5_8b6yz80b3b40000gn/T/playwright-java-7420976277878664217/package/lib/server/browserType.js:199:39)\n    at async Chromium._innerLaunch (/private/var/folders/b7/tv0xq3x53fq5_8b6yz80b3b40000gn/T/playwright-java-7420976277878664217/package/lib/server/browserType.js:127:9)\n    at async ProgressController.run (/private/var/folders/b7/tv0xq3x53fq5_8b6yz80b3b40000gn/T/playwright-java-7420976277878664217/package/lib/server/progress.js:101:22)\n    at async Chromium.launch (/private/var/folders/b7/tv0xq3x53fq5_8b6yz80b3b40000gn/T/playwright-java-7420976277878664217/package/lib/server/browserType.js:81:21)\n    at async BrowserTypeDispatcher.launch (/private/var/folders/b7/tv0xq3x53fq5_8b6yz80b3b40000gn/T/playwright-java-7420976277878664217/package/lib/dispatchers/browserTypeDispatcher.js:48:21)\n    at async DispatcherConnection.dispatch (/private/var/folders/b7/tv0xq3x53fq5_8b6yz80b3b40000gn/T/playwright-java-7420976277878664217/package/lib/dispatchers/dispatcher.js:352:22)\n}\n\tat com.microsoft.playwright.impl.Connection.dispatch(Connection.java:228)\n\tat com.microsoft.playwright.impl.Connection.processOneMessage(Connection.java:208)\n\tat com.microsoft.playwright.impl.ChannelOwner.runUntil(ChannelOwner.java:101)\n\t... 29 more\n"},"stage":"finished","steps":[],"attachments":[],"parameters":[{"name":"browser","value":"edge"}],"start":1672058918625,"stop":1672058918628,"uuid":"5c503a7f-fadf-407e-8a52-48e1ffbef6fa","historyId":"eca213f85b8ae669cc9446e54d831c6e","fullName":"com.qa.opencart.tests.LoginPageTest.loginpageNavigationTest","labels":[{"name":"package","value":"com.qa.opencart.tests.LoginPageTest"},{"name":"testClass","value":"com.qa.opencart.tests.LoginPageTest"},{"name":"testMethod","value":"loginpageNavigationTest"},{"name":"parentSuite","value":"Open Cart Test Regression PW Suite"},{"name":"suite","value":"Open Cart Login Page Test_edge1"},{"name":"subSuite","value":"com.qa.opencart.tests.LoginPageTest"},{"name":"host","value":"Raktims-MacBook-Pro.local"},{"name":"thread","value":"61510@Raktims-MacBook-Pro.local.TestNG-tests-4(17)"},{"name":"framework","value":"testng"},{"name":"language","value":"java"}],"links":[]}