{"name":"setuP","status":"broken","statusDetails":{"known":false,"muted":false,"flaky":false,"message":"Error {\n  message='Error connecting to Selenium at http://localhost:4444/wd/hub/session: Could not start a new session. Could not start a new session. Error while creating session with the driver service. Stopping driver service: Could not start a new session. Response code 500. Message: unknown error: Chrome failed to start: crashed.\n  (unknown error: DevToolsActivePort file doesn't exist)\n  (The process started from chrome location /usr/bin/google-chrome is no longer running, so ChromeDriver is assuming that Chrome has crashed.) \nHost info: host: '771e52d0715b', ip: '172.19.0.6'\nBuild info: version: '4.7.2', revision: '4d4020c3b7'\nSystem info: os.name: 'Linux', os.arch: 'amd64', os.version: '5.10.104-linuxkit', java.version: '11.0.17'\nDriver info: driver.version: unknown\nBuild info: version: '4.7.2', revision: '4d4020c3b7'\nSystem info: os.name: 'Linux', os.arch: 'amd64', os.version: '5.10.104-linuxkit', java.version: '11.0.17'\nDriver info: driver.version: unknown\nBuild info: version: '4.7.2', revision: '4d4020c3b7'\nSystem info: os.name: 'Linux', os.arch: 'amd64', os.version: '5.10.104-linuxkit', java.version: '11.0.17'\nDriver info: driver.version: unknown\n=========================== logs ===========================\n<selenium> connecting to http://localhost:4444/wd/hub/\n============================================================\n  name='Error\n  stack='Error: Error connecting to Selenium at http://localhost:4444/wd/hub/session: Could not start a new session. Could not start a new session. Error while creating session with the driver service. Stopping driver service: Could not start a new session. Response code 500. Message: unknown error: Chrome failed to start: crashed.\n  (unknown error: DevToolsActivePort file doesn't exist)\n  (The process started from chrome location /usr/bin/google-chrome is no longer running, so ChromeDriver is assuming that Chrome has crashed.) \nHost info: host: '771e52d0715b', ip: '172.19.0.6'\nBuild info: version: '4.7.2', revision: '4d4020c3b7'\nSystem info: os.name: 'Linux', os.arch: 'amd64', os.version: '5.10.104-linuxkit', java.version: '11.0.17'\nDriver info: driver.version: unknown\nBuild info: version: '4.7.2', revision: '4d4020c3b7'\nSystem info: os.name: 'Linux', os.arch: 'amd64', os.version: '5.10.104-linuxkit', java.version: '11.0.17'\nDriver info: driver.version: unknown\nBuild info: version: '4.7.2', revision: '4d4020c3b7'\nSystem info: os.name: 'Linux', os.arch: 'amd64', os.version: '5.10.104-linuxkit', java.version: '11.0.17'\nDriver info: driver.version: unknown\n=========================== logs ===========================\n<selenium> connecting to http://localhost:4444/wd/hub/\n============================================================\n    at seleniumErrorHandler (/private/var/folders/b7/tv0xq3x53fq5_8b6yz80b3b40000gn/T/playwright-java-1024260360323480186/package/lib/server/chromium/chromium.js:347:10)\n    at processTicksAndRejections (node:internal/process/task_queues:96:5)\n    at async /private/var/folders/b7/tv0xq3x53fq5_8b6yz80b3b40000gn/T/playwright-java-1024260360323480186/package/lib/utils/utils.js:155:33\n}","trace":"com.microsoft.playwright.PlaywrightException: Error {\n  message='Error connecting to Selenium at http://localhost:4444/wd/hub/session: Could not start a new session. Could not start a new session. Error while creating session with the driver service. Stopping driver service: Could not start a new session. Response code 500. Message: unknown error: Chrome failed to start: crashed.\n  (unknown error: DevToolsActivePort file doesn't exist)\n  (The process started from chrome location /usr/bin/google-chrome is no longer running, so ChromeDriver is assuming that Chrome has crashed.) \nHost info: host: '771e52d0715b', ip: '172.19.0.6'\nBuild info: version: '4.7.2', revision: '4d4020c3b7'\nSystem info: os.name: 'Linux', os.arch: 'amd64', os.version: '5.10.104-linuxkit', java.version: '11.0.17'\nDriver info: driver.version: unknown\nBuild info: version: '4.7.2', revision: '4d4020c3b7'\nSystem info: os.name: 'Linux', os.arch: 'amd64', os.version: '5.10.104-linuxkit', java.version: '11.0.17'\nDriver info: driver.version: unknown\nBuild info: version: '4.7.2', revision: '4d4020c3b7'\nSystem info: os.name: 'Linux', os.arch: 'amd64', os.version: '5.10.104-linuxkit', java.version: '11.0.17'\nDriver info: driver.version: unknown\n=========================== logs ===========================\n<selenium> connecting to http://localhost:4444/wd/hub/\n============================================================\n  name='Error\n  stack='Error: Error connecting to Selenium at http://localhost:4444/wd/hub/session: Could not start a new session. Could not start a new session. Error while creating session with the driver service. Stopping driver service: Could not start a new session. Response code 500. Message: unknown error: Chrome failed to start: crashed.\n  (unknown error: DevToolsActivePort file doesn't exist)\n  (The process started from chrome location /usr/bin/google-chrome is no longer running, so ChromeDriver is assuming that Chrome has crashed.) \nHost info: host: '771e52d0715b', ip: '172.19.0.6'\nBuild info: version: '4.7.2', revision: '4d4020c3b7'\nSystem info: os.name: 'Linux', os.arch: 'amd64', os.version: '5.10.104-linuxkit', java.version: '11.0.17'\nDriver info: driver.version: unknown\nBuild info: version: '4.7.2', revision: '4d4020c3b7'\nSystem info: os.name: 'Linux', os.arch: 'amd64', os.version: '5.10.104-linuxkit', java.version: '11.0.17'\nDriver info: driver.version: unknown\nBuild info: version: '4.7.2', revision: '4d4020c3b7'\nSystem info: os.name: 'Linux', os.arch: 'amd64', os.version: '5.10.104-linuxkit', java.version: '11.0.17'\nDriver info: driver.version: unknown\n=========================== logs ===========================\n<selenium> connecting to http://localhost:4444/wd/hub/\n============================================================\n    at seleniumErrorHandler (/private/var/folders/b7/tv0xq3x53fq5_8b6yz80b3b40000gn/T/playwright-java-1024260360323480186/package/lib/server/chromium/chromium.js:347:10)\n    at processTicksAndRejections (node:internal/process/task_queues:96:5)\n    at async /private/var/folders/b7/tv0xq3x53fq5_8b6yz80b3b40000gn/T/playwright-java-1024260360323480186/package/lib/utils/utils.js:155:33\n}\n\tat com.microsoft.playwright.impl.WaitableResult.get(WaitableResult.java:54)\n\tat com.microsoft.playwright.impl.ChannelOwner.runUntil(ChannelOwner.java:103)\n\tat com.microsoft.playwright.impl.Connection.sendMessage(Connection.java:115)\n\tat com.microsoft.playwright.impl.ChannelOwner.sendMessage(ChannelOwner.java:94)\n\tat com.microsoft.playwright.impl.BrowserTypeImpl.launchImpl(BrowserTypeImpl.java:47)\n\tat com.microsoft.playwright.impl.BrowserTypeImpl.lambda$launch$0(BrowserTypeImpl.java:39)\n\tat com.microsoft.playwright.impl.LoggingSupport.withLogging(LoggingSupport.java:47)\n\tat com.microsoft.playwright.impl.ChannelOwner.withLogging(ChannelOwner.java:79)\n\tat com.microsoft.playwright.impl.BrowserTypeImpl.launch(BrowserTypeImpl.java:39)\n\tat com.microsoft.playwright.impl.BrowserTypeImpl.launch(BrowserTypeImpl.java:32)\n\tat com.qa.opencart.factory.PlaywrightFactory.initBrowser(PlaywrightFactory.java:58)\n\tat com.qa.opencart.base.BaseTest.setuP(BaseTest.java:33)\n\tat sun.reflect.NativeMethodAccessorImpl.invoke0(Native Method)\n\tat sun.reflect.NativeMethodAccessorImpl.invoke(NativeMethodAccessorImpl.java:62)\n\tat sun.reflect.DelegatingMethodAccessorImpl.invoke(DelegatingMethodAccessorImpl.java:43)\n\tat java.lang.reflect.Method.invoke(Method.java:498)\n\tat org.testng.internal.MethodInvocationHelper.invokeMethod(MethodInvocationHelper.java:124)\n\tat org.testng.internal.MethodInvocationHelper.invokeMethodConsideringTimeout(MethodInvocationHelper.java:59)\n\tat org.testng.internal.Invoker.invokeConfigurationMethod(Invoker.java:458)\n\tat org.testng.internal.Invoker.invokeConfigurations(Invoker.java:222)\n\tat org.testng.internal.Invoker.invokeConfigurations(Invoker.java:142)\n\tat org.testng.TestRunner.beforeRun(TestRunner.java:529)\n\tat org.testng.TestRunner.run(TestRunner.java:497)\n\tat org.testng.SuiteRunner.runTest(SuiteRunner.java:455)\n\tat org.testng.SuiteRunner.access$000(SuiteRunner.java:40)\n\tat org.testng.SuiteRunner$SuiteWorker.run(SuiteRunner.java:489)\n\tat org.testng.internal.thread.ThreadUtil$1.call(ThreadUtil.java:52)\n\tat java.util.concurrent.FutureTask.run(FutureTask.java:266)\n\tat java.util.concurrent.ThreadPoolExecutor.runWorker(ThreadPoolExecutor.java:1149)\n\tat java.util.concurrent.ThreadPoolExecutor$Worker.run(ThreadPoolExecutor.java:624)\n\tat java.lang.Thread.run(Thread.java:748)\nCaused by: com.microsoft.playwright.impl.DriverException: Error {\n  message='Error connecting to Selenium at http://localhost:4444/wd/hub/session: Could not start a new session. Could not start a new session. Error while creating session with the driver service. Stopping driver service: Could not start a new session. Response code 500. Message: unknown error: Chrome failed to start: crashed.\n  (unknown error: DevToolsActivePort file doesn't exist)\n  (The process started from chrome location /usr/bin/google-chrome is no longer running, so ChromeDriver is assuming that Chrome has crashed.) \nHost info: host: '771e52d0715b', ip: '172.19.0.6'\nBuild info: version: '4.7.2', revision: '4d4020c3b7'\nSystem info: os.name: 'Linux', os.arch: 'amd64', os.version: '5.10.104-linuxkit', java.version: '11.0.17'\nDriver info: driver.version: unknown\nBuild info: version: '4.7.2', revision: '4d4020c3b7'\nSystem info: os.name: 'Linux', os.arch: 'amd64', os.version: '5.10.104-linuxkit', java.version: '11.0.17'\nDriver info: driver.version: unknown\nBuild info: version: '4.7.2', revision: '4d4020c3b7'\nSystem info: os.name: 'Linux', os.arch: 'amd64', os.version: '5.10.104-linuxkit', java.version: '11.0.17'\nDriver info: driver.version: unknown\n=========================== logs ===========================\n<selenium> connecting to http://localhost:4444/wd/hub/\n============================================================\n  name='Error\n  stack='Error: Error connecting to Selenium at http://localhost:4444/wd/hub/session: Could not start a new session. Could not start a new session. Error while creating session with the driver service. Stopping driver service: Could not start a new session. Response code 500. Message: unknown error: Chrome failed to start: crashed.\n  (unknown error: DevToolsActivePort file doesn't exist)\n  (The process started from chrome location /usr/bin/google-chrome is no longer running, so ChromeDriver is assuming that Chrome has crashed.) \nHost info: host: '771e52d0715b', ip: '172.19.0.6'\nBuild info: version: '4.7.2', revision: '4d4020c3b7'\nSystem info: os.name: 'Linux', os.arch: 'amd64', os.version: '5.10.104-linuxkit', java.version: '11.0.17'\nDriver info: driver.version: unknown\nBuild info: version: '4.7.2', revision: '4d4020c3b7'\nSystem info: os.name: 'Linux', os.arch: 'amd64', os.version: '5.10.104-linuxkit', java.version: '11.0.17'\nDriver info: driver.version: unknown\nBuild info: version: '4.7.2', revision: '4d4020c3b7'\nSystem info: os.name: 'Linux', os.arch: 'amd64', os.version: '5.10.104-linuxkit', java.version: '11.0.17'\nDriver info: driver.version: unknown\n=========================== logs ===========================\n<selenium> connecting to http://localhost:4444/wd/hub/\n============================================================\n    at seleniumErrorHandler (/private/var/folders/b7/tv0xq3x53fq5_8b6yz80b3b40000gn/T/playwright-java-1024260360323480186/package/lib/server/chromium/chromium.js:347:10)\n    at processTicksAndRejections (node:internal/process/task_queues:96:5)\n    at async /private/var/folders/b7/tv0xq3x53fq5_8b6yz80b3b40000gn/T/playwright-java-1024260360323480186/package/lib/utils/utils.js:155:33\n}\n\tat com.microsoft.playwright.impl.Connection.dispatch(Connection.java:228)\n\tat com.microsoft.playwright.impl.Connection.processOneMessage(Connection.java:208)\n\tat com.microsoft.playwright.impl.ChannelOwner.runUntil(ChannelOwner.java:101)\n\t... 29 more\n"},"stage":"finished","steps":[],"attachments":[],"parameters":[{"name":"browser","value":"chromium"}],"start":1672061109714,"stop":1672061109717,"uuid":"cb8e58f5-ea58-4156-829c-e9a746ac26a0","historyId":"87d58cb81fb1898c0c39b0343f270ad7","fullName":"com.qa.opencart.base.BaseTest.setuP","labels":[{"name":"package","value":"com.qa.opencart.tests.HomePageTest"},{"name":"testClass","value":"com.qa.opencart.tests.HomePageTest"},{"name":"testMethod","value":"setuP"},{"name":"parentSuite","value":"Open Cart Test Regression PW Suite"},{"name":"suite","value":"Open Cart Home Page Test_chromium"},{"name":"subSuite","value":"com.qa.opencart.tests.HomePageTest"},{"name":"host","value":"Raktims-MacBook-Pro.local"},{"name":"thread","value":"65199@Raktims-MacBook-Pro.local.TestNG-tests-3(16)"},{"name":"framework","value":"testng"},{"name":"language","value":"java"}],"links":[]}