<html>
<head>
<title>TestNG:  Open Cart Home Page Test_chromium</title>
<link href="../testng.css" rel="stylesheet" type="text/css" />
<link href="../my-testng.css" rel="stylesheet" type="text/css" />

<style type="text/css">
.log { display: none;} 
.stack-trace { display: none;} 
</style>
<script type="text/javascript">
<!--
function flip(e) {
  current = e.style.display;
  if (current == 'block') {
    e.style.display = 'none';
    return 0;
  }
  else {
    e.style.display = 'block';
    return 1;
  }
}

function toggleBox(szDivId, elem, msg1, msg2)
{
  var res = -1;  if (document.getElementById) {
    res = flip(document.getElementById(szDivId));
  }
  else if (document.all) {
    // this is the way old msie versions work
    res = flip(document.all[szDivId]);
  }
  if(elem) {
    if(res == 0) elem.innerHTML = msg1; else elem.innerHTML = msg2;
  }

}

function toggleAllBoxes() {
  if (document.getElementsByTagName) {
    d = document.getElementsByTagName('div');
    for (i = 0; i < d.length; i++) {
      if (d[i].className == 'log') {
        flip(d[i]);
      }
    }
  }
}

// -->
</script>

</head>
<body>
<h2 align='center'>Open Cart Home Page Test_chromium</h2><table border='1' align="center">
<tr>
<td>Tests passed/Failed/Skipped:</td><td>5/0/0</td>
</tr><tr>
<td>Started on:</td><td>Mon Dec 26 17:59:19 IST 2022</td>
</tr>
<tr><td>Total time:</td><td>14 seconds (14330 ms)</td>
</tr><tr>
<td>Included groups:</td><td></td>
</tr><tr>
<td>Excluded groups:</td><td></td>
</tr>
</table><p/>
<small><i>(Hover the method name to see the test class name)</i></small><p/>
<table width='100%' border='1' class='invocation-failed'>
<tr><td colspan='4' align='center'><b>FAILED CONFIGURATIONS</b></td></tr>
<tr><td><b>Test method</b></td>
<td width="30%"><b>Exception</b></td>
<td width="10%"><b>Time (seconds)</b></td>
<td><b>Instance</b></td>
</tr>
<tr>
<td title='com.qa.opencart.tests.LoginPageTest.setuP()'><b>setuP</b><br>Test class: com.qa.opencart.tests.LoginPageTest<br>Parameters: edge</td>
<td><div><pre>com.microsoft.playwright.PlaywrightException: Error {
  message=&apos;Chromium distribution &apos;msedge&apos; is not found at /Applications/Microsoft Edge.app/Contents/MacOS/Microsoft Edge
Run &quot;mvn exec:java -e -Dexec.mainClass=com.microsoft.playwright.CLI -Dexec.args=&quot;install msedge&quot;&quot;
  name=&apos;Error
  stack=&apos;Error: Chromium distribution &apos;msedge&apos; is not found at /Applications/Microsoft Edge.app/Contents/MacOS/Microsoft Edge
Run &quot;mvn exec:java -e -Dexec.mainClass=com.microsoft.playwright.CLI -Dexec.args=&quot;install msedge&quot;&quot;
    at executablePath (/private/var/folders/b7/tv0xq3x53fq5_8b6yz80b3b40000gn/T/playwright-java-5764115047575839125/package/lib/utils/registry.js:452:13)
    at Object.executablePathOrDie (/private/var/folders/b7/tv0xq3x53fq5_8b6yz80b3b40000gn/T/playwright-java-5764115047575839125/package/lib/utils/registry.js:461:43)
    at Chromium._launchProcess (/private/var/folders/b7/tv0xq3x53fq5_8b6yz80b3b40000gn/T/playwright-java-5764115047575839125/package/lib/server/browserType.js:199:39)
    at async Chromium._innerLaunch (/private/var/folders/b7/tv0xq3x53fq5_8b6yz80b3b40000gn/T/playwright-java-5764115047575839125/package/lib/server/browserType.js:127:9)
    at async ProgressController.run (/private/var/folders/b7/tv0xq3x53fq5_8b6yz80b3b40000gn/T/playwright-java-5764115047575839125/package/lib/server/progress.js:101:22)
    at async Chromium.launch (/private/var/folders/b7/tv0xq3x53fq5_8b6yz80b3b40000gn/T/playwright-java-5764115047575839125/package/lib/server/browserType.js:81:21)
    at async BrowserTypeDispatcher.launch (/private/var/folders/b7/tv0xq3x53fq5_8b6yz80b3b40000gn/T/playwright-java-5764115047575839125/package/lib/dispatchers/browserTypeDispatcher.js:48:21)
    at async DispatcherConnection.dispatch (/private/var/folders/b7/tv0xq3x53fq5_8b6yz80b3b40000gn/T/playwright-java-5764115047575839125/package/lib/dispatchers/dispatcher.js:352:22)
}
	at com.microsoft.playwright.impl.WaitableResult.get(WaitableResult.java:54)
	at com.microsoft.playwright.impl.ChannelOwner.runUntil(ChannelOwner.java:103)
	at com.microsoft.playwright.impl.Connection.sendMessage(Connection.java:115)
	at com.microsoft.playwright.impl.ChannelOwner.sendMessage(ChannelOwner.java:94)
	at com.microsoft.playwright.impl.BrowserTypeImpl.launchImpl(BrowserTypeImpl.java:47)
	at com.microsoft.playwright.impl.BrowserTypeImpl.lambda$launch$0(BrowserTypeImpl.java:39)
	at com.microsoft.playwright.impl.LoggingSupport.withLogging(LoggingSupport.java:47)
	at com.microsoft.playwright.impl.ChannelOwner.withLogging(ChannelOwner.java:79)
	at com.microsoft.playwright.impl.BrowserTypeImpl.launch(BrowserTypeImpl.java:39)
	at com.microsoft.playwright.impl.BrowserTypeImpl.launch(BrowserTypeImpl.java:32)
	at com.qa.opencart.factory.PlaywrightFactory.initBrowser(PlaywrightFactory.java:75)
	at com.qa.opencart.base.BaseTest.setuP(BaseTest.java:33)
	at sun.reflect.NativeMethodAccessorImpl.invoke0(Native Method)
	at sun.reflect.NativeMethodAccessorImpl.invoke(NativeMethodAccessorImpl.java:62)
	at sun.reflect.DelegatingMethodAccessorImpl.invoke(DelegatingMethodAccessorImpl.java:43)
	at java.lang.reflect.Method.invoke(Method.java:498)
	at org.testng.internal.MethodInvocationHelper.invokeMethod(MethodInvocationHelper.java:124)
	at org.testng.internal.MethodInvocationHelper.invokeMethodConsideringTimeout(MethodInvocationHelper.java:59)
	at org.testng.internal.Invoker.invokeConfigurationMethod(Invoker.java:458)
	at org.testng.internal.Invoker.invokeConfigurations(Invoker.java:222)
	at org.testng.internal.Invoker.invokeConfigurations(Invoker.java:142)
	at org.testng.TestRunner.beforeRun(TestRunner.java:529)
	at org.testng.TestRunner.run(TestRunner.java:497)
	at org.testng.SuiteRunner.runTest(SuiteRunner.java:455)
	at org.testng.SuiteRunner.access$000(SuiteRunner.java:40)
	at org.testng.SuiteRunner$SuiteWorker.run(SuiteRunner.java:489)
	at org.testng.internal.thread.ThreadUtil$1.call(ThreadUtil.java:52)
	at java.util.concurrent.FutureTask.run(FutureTask.java:266)
	at java.util.concurrent.ThreadPoolExecutor.runWorker(ThreadPoolExecutor.java:1149)
	at java.util.concurrent.ThreadPoolExecutor$Worker.run(ThreadPoolExecutor.java:624)
	at java.lang.Thread.run(Thread.java:748)
Caused by: com.microsoft.playwright.impl.DriverException: Error {
  message=&apos;Chromium distribution &apos;msedge&apos; is not found at /Applications/Microsoft Edge.app/Contents/MacOS/Microsoft Edge
Run &quot;mvn exec:java -e -Dexec.mainClass=com.microsoft.playwright.CLI -Dexec.args=&quot;install msedge&quot;&quot;
  name=&apos;Error
  stack=&apos;Error: Chromium distribution &apos;msedge&apos; is not found at /Applications/Microsoft Edge.app/Contents/MacOS/Microsoft Edge
Run &quot;mvn exec:java -e -Dexec.mainClass=com.microsoft.playwright.CLI -Dexec.args=&quot;install msedge&quot;&quot;
    at executablePath (/private/var/folders/b7/tv0xq3x53fq5_8b6yz80b3b40000gn/T/playwright-java-5764115047575839125/package/lib/utils/registry.js:452:13)
    at Object.executablePathOrDie (/private/var/folders/b7/tv0xq3x53fq5_8b6yz80b3b40000gn/T/playwright-java-5764115047575839125/package/lib/utils/registry.js:461:43)
    at Chromium._launchProcess (/private/var/folders/b7/tv0xq3x53fq5_8b6yz80b3b40000gn/T/playwright-java-5764115047575839125/package/lib/server/browserType.js:199:39)
    at async Chromium._innerLaunch (/private/var/folders/b7/tv0xq3x53fq5_8b6yz80b3b40000gn/T/playwright-java-5764115047575839125/package/lib/server/browserType.js:127:9)
    at async ProgressController.run (/private/var/folders/b7/tv0xq3x53fq5_8b6yz80b3b40000gn/T/playwright-java-5764115047575839125/package/lib/server/progress.js:101:22)
    at async Chromium.launch (/private/var/folders/b7/tv0xq3x53fq5_8b6yz80b3b40000gn/T/playwright-java-5764115047575839125/package/lib/server/browserType.js:81:21)
    at async BrowserTypeDispatcher.launch (/private/var/folders/b7/tv0xq3x53fq5_8b6yz80b3b40000gn/T/playwright-java-5764115047575839125/package/lib/dispatchers/browserTypeDispatcher.js:48:21)
    at async DispatcherConnection.dispatch (/private/var/folders/b7/tv0xq3x53fq5_8b6yz80b3b40000gn/T/playwright-java-5764115047575839125/package/lib/dispatchers/dispatcher.js:352:22)
}
	at com.microsoft.playwright.impl.Connection.dispatch(Connection.java:228)
	at com.microsoft.playwright.impl.Connection.processOneMessage(Connection.java:208)
	at com.microsoft.playwright.impl.ChannelOwner.runUntil(ChannelOwner.java:101)
	... 29 more
</pre></div><a href='#' onClick='toggleBox("stack-trace1011991730", this, "Click to show all stack frames", "Click to hide stack frames")'>Click to show all stack frames</a>
<div class='stack-trace' id='stack-trace1011991730'><pre>com.microsoft.playwright.PlaywrightException: Error {
  message=&apos;Chromium distribution &apos;msedge&apos; is not found at /Applications/Microsoft Edge.app/Contents/MacOS/Microsoft Edge
Run &quot;mvn exec:java -e -Dexec.mainClass=com.microsoft.playwright.CLI -Dexec.args=&quot;install msedge&quot;&quot;
  name=&apos;Error
  stack=&apos;Error: Chromium distribution &apos;msedge&apos; is not found at /Applications/Microsoft Edge.app/Contents/MacOS/Microsoft Edge
Run &quot;mvn exec:java -e -Dexec.mainClass=com.microsoft.playwright.CLI -Dexec.args=&quot;install msedge&quot;&quot;
    at executablePath (/private/var/folders/b7/tv0xq3x53fq5_8b6yz80b3b40000gn/T/playwright-java-5764115047575839125/package/lib/utils/registry.js:452:13)
    at Object.executablePathOrDie (/private/var/folders/b7/tv0xq3x53fq5_8b6yz80b3b40000gn/T/playwright-java-5764115047575839125/package/lib/utils/registry.js:461:43)
    at Chromium._launchProcess (/private/var/folders/b7/tv0xq3x53fq5_8b6yz80b3b40000gn/T/playwright-java-5764115047575839125/package/lib/server/browserType.js:199:39)
    at async Chromium._innerLaunch (/private/var/folders/b7/tv0xq3x53fq5_8b6yz80b3b40000gn/T/playwright-java-5764115047575839125/package/lib/server/browserType.js:127:9)
    at async ProgressController.run (/private/var/folders/b7/tv0xq3x53fq5_8b6yz80b3b40000gn/T/playwright-java-5764115047575839125/package/lib/server/progress.js:101:22)
    at async Chromium.launch (/private/var/folders/b7/tv0xq3x53fq5_8b6yz80b3b40000gn/T/playwright-java-5764115047575839125/package/lib/server/browserType.js:81:21)
    at async BrowserTypeDispatcher.launch (/private/var/folders/b7/tv0xq3x53fq5_8b6yz80b3b40000gn/T/playwright-java-5764115047575839125/package/lib/dispatchers/browserTypeDispatcher.js:48:21)
    at async DispatcherConnection.dispatch (/private/var/folders/b7/tv0xq3x53fq5_8b6yz80b3b40000gn/T/playwright-java-5764115047575839125/package/lib/dispatchers/dispatcher.js:352:22)
}
	at com.microsoft.playwright.impl.WaitableResult.get(WaitableResult.java:54)
	at com.microsoft.playwright.impl.ChannelOwner.runUntil(ChannelOwner.java:103)
	at com.microsoft.playwright.impl.Connection.sendMessage(Connection.java:115)
	at com.microsoft.playwright.impl.ChannelOwner.sendMessage(ChannelOwner.java:94)
	at com.microsoft.playwright.impl.BrowserTypeImpl.launchImpl(BrowserTypeImpl.java:47)
	at com.microsoft.playwright.impl.BrowserTypeImpl.lambda$launch$0(BrowserTypeImpl.java:39)
	at com.microsoft.playwright.impl.LoggingSupport.withLogging(LoggingSupport.java:47)
	at com.microsoft.playwright.impl.ChannelOwner.withLogging(ChannelOwner.java:79)
	at com.microsoft.playwright.impl.BrowserTypeImpl.launch(BrowserTypeImpl.java:39)
	at com.microsoft.playwright.impl.BrowserTypeImpl.launch(BrowserTypeImpl.java:32)
	at com.qa.opencart.factory.PlaywrightFactory.initBrowser(PlaywrightFactory.java:75)
	at com.qa.opencart.base.BaseTest.setuP(BaseTest.java:33)
	at sun.reflect.NativeMethodAccessorImpl.invoke0(Native Method)
	at sun.reflect.NativeMethodAccessorImpl.invoke(NativeMethodAccessorImpl.java:62)
	at sun.reflect.DelegatingMethodAccessorImpl.invoke(DelegatingMethodAccessorImpl.java:43)
	at java.lang.reflect.Method.invoke(Method.java:498)
	at org.testng.internal.MethodInvocationHelper.invokeMethod(MethodInvocationHelper.java:124)
	at org.testng.internal.MethodInvocationHelper.invokeMethodConsideringTimeout(MethodInvocationHelper.java:59)
	at org.testng.internal.Invoker.invokeConfigurationMethod(Invoker.java:458)
	at org.testng.internal.Invoker.invokeConfigurations(Invoker.java:222)
	at org.testng.internal.Invoker.invokeConfigurations(Invoker.java:142)
	at org.testng.TestRunner.beforeRun(TestRunner.java:529)
	at org.testng.TestRunner.run(TestRunner.java:497)
	at org.testng.SuiteRunner.runTest(SuiteRunner.java:455)
	at org.testng.SuiteRunner.access$000(SuiteRunner.java:40)
	at org.testng.SuiteRunner$SuiteWorker.run(SuiteRunner.java:489)
	at org.testng.internal.thread.ThreadUtil$1.call(ThreadUtil.java:52)
	at java.util.concurrent.FutureTask.run(FutureTask.java:266)
	at java.util.concurrent.ThreadPoolExecutor.runWorker(ThreadPoolExecutor.java:1149)
	at java.util.concurrent.ThreadPoolExecutor$Worker.run(ThreadPoolExecutor.java:624)
	at java.lang.Thread.run(Thread.java:748)
Caused by: com.microsoft.playwright.impl.DriverException: Error {
  message=&apos;Chromium distribution &apos;msedge&apos; is not found at /Applications/Microsoft Edge.app/Contents/MacOS/Microsoft Edge
Run &quot;mvn exec:java -e -Dexec.mainClass=com.microsoft.playwright.CLI -Dexec.args=&quot;install msedge&quot;&quot;
  name=&apos;Error
  stack=&apos;Error: Chromium distribution &apos;msedge&apos; is not found at /Applications/Microsoft Edge.app/Contents/MacOS/Microsoft Edge
Run &quot;mvn exec:java -e -Dexec.mainClass=com.microsoft.playwright.CLI -Dexec.args=&quot;install msedge&quot;&quot;
    at executablePath (/private/var/folders/b7/tv0xq3x53fq5_8b6yz80b3b40000gn/T/playwright-java-5764115047575839125/package/lib/utils/registry.js:452:13)
    at Object.executablePathOrDie (/private/var/folders/b7/tv0xq3x53fq5_8b6yz80b3b40000gn/T/playwright-java-5764115047575839125/package/lib/utils/registry.js:461:43)
    at Chromium._launchProcess (/private/var/folders/b7/tv0xq3x53fq5_8b6yz80b3b40000gn/T/playwright-java-5764115047575839125/package/lib/server/browserType.js:199:39)
    at async Chromium._innerLaunch (/private/var/folders/b7/tv0xq3x53fq5_8b6yz80b3b40000gn/T/playwright-java-5764115047575839125/package/lib/server/browserType.js:127:9)
    at async ProgressController.run (/private/var/folders/b7/tv0xq3x53fq5_8b6yz80b3b40000gn/T/playwright-java-5764115047575839125/package/lib/server/progress.js:101:22)
    at async Chromium.launch (/private/var/folders/b7/tv0xq3x53fq5_8b6yz80b3b40000gn/T/playwright-java-5764115047575839125/package/lib/server/browserType.js:81:21)
    at async BrowserTypeDispatcher.launch (/private/var/folders/b7/tv0xq3x53fq5_8b6yz80b3b40000gn/T/playwright-java-5764115047575839125/package/lib/dispatchers/browserTypeDispatcher.js:48:21)
    at async DispatcherConnection.dispatch (/private/var/folders/b7/tv0xq3x53fq5_8b6yz80b3b40000gn/T/playwright-java-5764115047575839125/package/lib/dispatchers/dispatcher.js:352:22)
}
	at com.microsoft.playwright.impl.Connection.dispatch(Connection.java:228)
	at com.microsoft.playwright.impl.Connection.processOneMessage(Connection.java:208)
	at com.microsoft.playwright.impl.ChannelOwner.runUntil(ChannelOwner.java:101)
	... 29 more
</pre></div></td>
<td>4</td>
<td>com.qa.opencart.tests.LoginPageTest@683dbc2c</td></tr>
</table><p>
<table width='100%' border='1' class='invocation-skipped'>
<tr><td colspan='4' align='center'><b>SKIPPED CONFIGURATIONS</b></td></tr>
<tr><td><b>Test method</b></td>
<td width="30%"><b>Exception</b></td>
<td width="10%"><b>Time (seconds)</b></td>
<td><b>Instance</b></td>
</tr>
<tr>
<td title='com.qa.opencart.tests.LoginPageTest.tearDown()'><b>tearDown</b><br>Test class: com.qa.opencart.tests.LoginPageTest</td>
<td></td>
<td>0</td>
<td>com.qa.opencart.tests.LoginPageTest@683dbc2c</td></tr>
</table><p>
<table width='100%' border='1' class='invocation-passed'>
<tr><td colspan='4' align='center'><b>PASSED TESTS</b></td></tr>
<tr><td><b>Test method</b></td>
<td width="30%"><b>Exception</b></td>
<td width="10%"><b>Time (seconds)</b></td>
<td><b>Instance</b></td>
</tr>
<tr>
<td title='com.qa.opencart.tests.HomePageTest.homePageTitleTest()'><b>homePageTitleTest</b><br>Test class: com.qa.opencart.tests.HomePageTest</td>
<td></td>
<td>0</td>
<td>com.qa.opencart.tests.HomePageTest@1ebd319f</td></tr>
<tr>
<td title='com.qa.opencart.tests.HomePageTest.homePageUrlTest()'><b>homePageUrlTest</b><br>Test class: com.qa.opencart.tests.HomePageTest</td>
<td></td>
<td>0</td>
<td>com.qa.opencart.tests.HomePageTest@1ebd319f</td></tr>
<tr>
<td title='com.qa.opencart.tests.HomePageTest.searchTest()'><b>searchTest</b><br>Test class: com.qa.opencart.tests.HomePageTest<br>Parameters: Macbook</td>
<td></td>
<td>0</td>
<td>com.qa.opencart.tests.HomePageTest@1ebd319f</td></tr>
<tr>
<td title='com.qa.opencart.tests.HomePageTest.searchTest()'><b>searchTest</b><br>Test class: com.qa.opencart.tests.HomePageTest<br>Parameters: iMac</td>
<td></td>
<td>0</td>
<td>com.qa.opencart.tests.HomePageTest@1ebd319f</td></tr>
<tr>
<td title='com.qa.opencart.tests.HomePageTest.searchTest()'><b>searchTest</b><br>Test class: com.qa.opencart.tests.HomePageTest<br>Parameters: Samsung</td>
<td></td>
<td>0</td>
<td>com.qa.opencart.tests.HomePageTest@1ebd319f</td></tr>
</table><p>
</body>
</html>