<?xml version="1.0" encoding="UTF-8"?>
<!-- Generated by org.testng.reporters.JUnitXMLReporter -->
<testsuite hostname="Raktims-MacBook-Pro.local" ignored="0" name="Open Cart Home Page Test_chromium" tests="5" failures="0" timestamp="26 Dec 2022 12:29:34 GMT" time="14.33" errors="0">
  <testcase name="@BeforeTest setuP" time="4.754" classname="com.qa.opencart.base.BaseTest">
    <failure type="com.microsoft.playwright.PlaywrightException" message="Error {
  message=&amp;apos;Chromium distribution &amp;apos;msedge&amp;apos; is not found at /Applications/Microsoft Edge.app/Contents/MacOS/Microsoft Edge
Run &amp;quot;mvn exec:java -e -Dexec.mainClass=com.microsoft.playwright.CLI -Dexec.args=&amp;quot;install msedge&amp;quot;&amp;quot;
  name=&amp;apos;Error
  stack=&amp;apos;Error: Chromium distribution &amp;apos;msedge&amp;apos; is not found at /Applications/Microsoft Edge.app/Contents/MacOS/Microsoft Edge
Run &amp;quot;mvn exec:java -e -Dexec.mainClass=com.microsoft.playwright.CLI -Dexec.args=&amp;quot;install msedge&amp;quot;&amp;quot;
    at executablePath (/private/var/folders/b7/tv0xq3x53fq5_8b6yz80b3b40000gn/T/playwright-java-5764115047575839125/package/lib/utils/registry.js:452:13)
    at Object.executablePathOrDie (/private/var/folders/b7/tv0xq3x53fq5_8b6yz80b3b40000gn/T/playwright-java-5764115047575839125/package/lib/utils/registry.js:461:43)
    at Chromium._launchProcess (/private/var/folders/b7/tv0xq3x53fq5_8b6yz80b3b40000gn/T/playwright-java-5764115047575839125/package/lib/server/browserType.js:199:39)
    at async Chromium._innerLaunch (/private/var/folders/b7/tv0xq3x53fq5_8b6yz80b3b40000gn/T/playwright-java-5764115047575839125/package/lib/server/browserType.js:127:9)
    at async ProgressController.run (/private/var/folders/b7/tv0xq3x53fq5_8b6yz80b3b40000gn/T/playwright-java-5764115047575839125/package/lib/server/progress.js:101:22)
    at async Chromium.launch (/private/var/folders/b7/tv0xq3x53fq5_8b6yz80b3b40000gn/T/playwright-java-5764115047575839125/package/lib/server/browserType.js:81:21)
    at async BrowserTypeDispatcher.launch (/private/var/folders/b7/tv0xq3x53fq5_8b6yz80b3b40000gn/T/playwright-java-5764115047575839125/package/lib/dispatchers/browserTypeDispatcher.js:48:21)
    at async DispatcherConnection.dispatch (/private/var/folders/b7/tv0xq3x53fq5_8b6yz80b3b40000gn/T/playwright-java-5764115047575839125/package/lib/dispatchers/dispatcher.js:352:22)
}">
      <![CDATA[com.microsoft.playwright.PlaywrightException: Error {
  message='Chromium distribution 'msedge' is not found at /Applications/Microsoft Edge.app/Contents/MacOS/Microsoft Edge
Run "mvn exec:java -e -Dexec.mainClass=com.microsoft.playwright.CLI -Dexec.args="install msedge""
  name='Error
  stack='Error: Chromium distribution 'msedge' is not found at /Applications/Microsoft Edge.app/Contents/MacOS/Microsoft Edge
Run "mvn exec:java -e -Dexec.mainClass=com.microsoft.playwright.CLI -Dexec.args="install msedge""
    at executablePath (/private/var/folders/b7/tv0xq3x53fq5_8b6yz80b3b40000gn/T/playwright-java-5764115047575839125/package/lib/utils/registry.js:452:13)
    at Object.executablePathOrDie (/private/var/folders/b7/tv0xq3x53fq5_8b6yz80b3b40000gn/T/playwright-java-5764115047575839125/package/lib/utils/registry.js:461:43)
    at Chromium._launchProcess (/private/var/folders/b7/tv0xq3x53fq5_8b6yz80b3b40000gn/T/playwright-java-5764115047575839125/package/lib/server/browserType.js:199:39)
    at async Chromium._innerLaunch (/private/var/folders/b7/tv0xq3x53fq5_8b6yz80b3b40000gn/T/playwright-java-5764115047575839125/package/lib/server/browserType.js:127:9)
    at async ProgressController.run (/private/var/folders/b7/tv0xq3x53fq5_8b6yz80b3b40000gn/T/playwright-java-5764115047575839125/package/lib/server/progress.js:101:22)
    at async Chromium.launch (/private/var/folders/b7/tv0xq3x53fq5_8b6yz80b3b40000gn/T/playwright-java-5764115047575839125/package/lib/server/browserType.js:81:21)
    at async BrowserTypeDispatcher.launch (/private/var/folders/b7/tv0xq3x53fq5_8b6yz80b3b40000gn/T/playwright-java-5764115047575839125/package/lib/dispatchers/browserTypeDispatcher.js:48:21)
    at async DispatcherConnection.dispatch (/private/var/folders/b7/tv0xq3x53fq5_8b6yz80b3b40000gn/T/playwright-java-5764115047575839125/package/lib/dispatchers/dispatcher.js:352:22)
}
at com.microsoft.playwright.impl.WaitableResult.get(WaitableResult.java:54)
at com.microsoft.playwright.impl.ChannelOwner.runUntil(ChannelOwner.java:103)
at com.microsoft.playwright.impl.Connection.sendMessage(Connection.java:115)
at com.microsoft.playwright.impl.ChannelOwner.sendMessage(ChannelOwner.java:94)
at com.microsoft.playwright.impl.BrowserTypeImpl.launchImpl(BrowserTypeImpl.java:47)
at com.microsoft.playwright.impl.BrowserTypeImpl.lambda$launch$0(BrowserTypeImpl.java:39)
at com.microsoft.playwright.impl.LoggingSupport.withLogging(LoggingSupport.java:47)
at com.microsoft.playwright.impl.ChannelOwner.withLogging(ChannelOwner.java:79)
at com.microsoft.playwright.impl.BrowserTypeImpl.launch(BrowserTypeImpl.java:39)
at com.microsoft.playwright.impl.BrowserTypeImpl.launch(BrowserTypeImpl.java:32)
at com.qa.opencart.factory.PlaywrightFactory.initBrowser(PlaywrightFactory.java:75)
at com.qa.opencart.base.BaseTest.setuP(BaseTest.java:33)
at sun.reflect.NativeMethodAccessorImpl.invoke0(Native Method)
at sun.reflect.NativeMethodAccessorImpl.invoke(NativeMethodAccessorImpl.java:62)
at sun.reflect.DelegatingMethodAccessorImpl.invoke(DelegatingMethodAccessorImpl.java:43)
at java.lang.reflect.Method.invoke(Method.java:498)
at org.testng.internal.MethodInvocationHelper.invokeMethod(MethodInvocationHelper.java:124)
at org.testng.internal.MethodInvocationHelper.invokeMethodConsideringTimeout(MethodInvocationHelper.java:59)
at org.testng.internal.Invoker.invokeConfigurationMethod(Invoker.java:458)
at org.testng.internal.Invoker.invokeConfigurations(Invoker.java:222)
at org.testng.internal.Invoker.invokeConfigurations(Invoker.java:142)
at org.testng.TestRunner.beforeRun(TestRunner.java:529)
at org.testng.TestRunner.run(TestRunner.java:497)
at org.testng.SuiteRunner.runTest(SuiteRunner.java:455)
at org.testng.SuiteRunner.access$000(SuiteRunner.java:40)
at org.testng.SuiteRunner$SuiteWorker.run(SuiteRunner.java:489)
at org.testng.internal.thread.ThreadUtil$1.call(ThreadUtil.java:52)
at java.util.concurrent.FutureTask.run(FutureTask.java:266)
at java.util.concurrent.ThreadPoolExecutor.runWorker(ThreadPoolExecutor.java:1149)
at java.util.concurrent.ThreadPoolExecutor$Worker.run(ThreadPoolExecutor.java:624)
at java.lang.Thread.run(Thread.java:748)
Caused by: com.microsoft.playwright.impl.DriverException: Error {
  message='Chromium distribution 'msedge' is not found at /Applications/Microsoft Edge.app/Contents/MacOS/Microsoft Edge
Run "mvn exec:java -e -Dexec.mainClass=com.microsoft.playwright.CLI -Dexec.args="install msedge""
  name='Error
  stack='Error: Chromium distribution 'msedge' is not found at /Applications/Microsoft Edge.app/Contents/MacOS/Microsoft Edge
Run "mvn exec:java -e -Dexec.mainClass=com.microsoft.playwright.CLI -Dexec.args="install msedge""
    at executablePath (/private/var/folders/b7/tv0xq3x53fq5_8b6yz80b3b40000gn/T/playwright-java-5764115047575839125/package/lib/utils/registry.js:452:13)
    at Object.executablePathOrDie (/private/var/folders/b7/tv0xq3x53fq5_8b6yz80b3b40000gn/T/playwright-java-5764115047575839125/package/lib/utils/registry.js:461:43)
    at Chromium._launchProcess (/private/var/folders/b7/tv0xq3x53fq5_8b6yz80b3b40000gn/T/playwright-java-5764115047575839125/package/lib/server/browserType.js:199:39)
    at async Chromium._innerLaunch (/private/var/folders/b7/tv0xq3x53fq5_8b6yz80b3b40000gn/T/playwright-java-5764115047575839125/package/lib/server/browserType.js:127:9)
    at async ProgressController.run (/private/var/folders/b7/tv0xq3x53fq5_8b6yz80b3b40000gn/T/playwright-java-5764115047575839125/package/lib/server/progress.js:101:22)
    at async Chromium.launch (/private/var/folders/b7/tv0xq3x53fq5_8b6yz80b3b40000gn/T/playwright-java-5764115047575839125/package/lib/server/browserType.js:81:21)
    at async BrowserTypeDispatcher.launch (/private/var/folders/b7/tv0xq3x53fq5_8b6yz80b3b40000gn/T/playwright-java-5764115047575839125/package/lib/dispatchers/browserTypeDispatcher.js:48:21)
    at async DispatcherConnection.dispatch (/private/var/folders/b7/tv0xq3x53fq5_8b6yz80b3b40000gn/T/playwright-java-5764115047575839125/package/lib/dispatchers/dispatcher.js:352:22)
}
at com.microsoft.playwright.impl.Connection.dispatch(Connection.java:228)
at com.microsoft.playwright.impl.Connection.processOneMessage(Connection.java:208)
at com.microsoft.playwright.impl.ChannelOwner.runUntil(ChannelOwner.java:101)
... 29 more
]]>
    </failure>
  </testcase> <!-- @BeforeTest setuP -->
  <testcase name="@AfterTest tearDown" time="0.0" classname="com.qa.opencart.base.BaseTest">
    <skipped/>
  </testcase> <!-- @AfterTest tearDown -->
  <testcase name="homePageTitleTest" time="0.182" classname="com.qa.opencart.tests.HomePageTest"/>
  <testcase name="homePageUrlTest" time="0.087" classname="com.qa.opencart.tests.HomePageTest"/>
  <testcase name="searchTest" time="0.682" classname="com.qa.opencart.tests.HomePageTest"/>
  <testcase name="searchTest" time="0.427" classname="com.qa.opencart.tests.HomePageTest"/>
  <testcase name="searchTest" time="0.814" classname="com.qa.opencart.tests.HomePageTest"/>
</testsuite> <!-- Open Cart Home Page Test_chromium -->
