<?xml version="1.0" encoding="UTF-8"?>
<testng-results skipped="0" failed="1" ignored="0" total="13" passed="12">
  <reporter-output>
  </reporter-output>
  <suite name="Open Cart Test Regression PW Suite" duration-ms="17093" started-at="2022-12-26T17:44:17Z" finished-at="2022-12-26T17:44:34Z">
    <groups>
    </groups>
    <test name="Open Cart Home Page Test_chromium" duration-ms="11986" started-at="2022-12-26T17:44:17Z" finished-at="2022-12-26T17:44:29Z">
      <class name="com.qa.opencart.tests.HomePageTest">
        <test-method status="PASS" signature="setuP(java.lang.String)[pri:0, instance:com.qa.opencart.tests.HomePageTest@4c583ecf]" name="setuP" is-config="true" duration-ms="8659" started-at="2022-12-26T17:44:17Z" finished-at="2022-12-26T17:44:25Z">
          <params>
            <param index="0">
              <value>
                <![CDATA[chromium]]>
              </value>
            </param>
          </params>
          <reporter-output>
          </reporter-output>
        </test-method> <!-- setuP -->
        <test-method status="PASS" signature="homePageTitleTest()[pri:0, instance:com.qa.opencart.tests.HomePageTest@4c583ecf]" name="homePageTitleTest" duration-ms="147" started-at="2022-12-26T17:44:25Z" finished-at="2022-12-26T17:44:26Z">
          <reporter-output>
          </reporter-output>
        </test-method> <!-- homePageTitleTest -->
        <test-method status="PASS" signature="homePageUrlTest()[pri:0, instance:com.qa.opencart.tests.HomePageTest@4c583ecf]" name="homePageUrlTest" duration-ms="6" started-at="2022-12-26T17:44:26Z" finished-at="2022-12-26T17:44:26Z">
          <reporter-output>
          </reporter-output>
        </test-method> <!-- homePageUrlTest -->
        <test-method status="PASS" signature="searchTest(java.lang.String)[pri:0, instance:com.qa.opencart.tests.HomePageTest@4c583ecf]" name="searchTest" duration-ms="615" started-at="2022-12-26T17:44:26Z" data-provider="getData" finished-at="2022-12-26T17:44:27Z">
          <params>
            <param index="0">
              <value>
                <![CDATA[Macbook]]>
              </value>
            </param>
          </params>
          <reporter-output>
          </reporter-output>
        </test-method> <!-- searchTest -->
        <test-method status="PASS" signature="searchTest(java.lang.String)[pri:0, instance:com.qa.opencart.tests.HomePageTest@4c583ecf]" name="searchTest" duration-ms="575" started-at="2022-12-26T17:44:27Z" data-provider="getData" finished-at="2022-12-26T17:44:28Z">
          <params>
            <param index="0">
              <value>
                <![CDATA[iMac]]>
              </value>
            </param>
          </params>
          <reporter-output>
          </reporter-output>
        </test-method> <!-- searchTest -->
        <test-method status="PASS" signature="searchTest(java.lang.String)[pri:0, instance:com.qa.opencart.tests.HomePageTest@4c583ecf]" name="searchTest" duration-ms="494" started-at="2022-12-26T17:44:28Z" data-provider="getData" finished-at="2022-12-26T17:44:28Z">
          <params>
            <param index="0">
              <value>
                <![CDATA[Samsung]]>
              </value>
            </param>
          </params>
          <reporter-output>
          </reporter-output>
        </test-method> <!-- searchTest -->
        <test-method status="PASS" signature="tearDown()[pri:0, instance:com.qa.opencart.tests.HomePageTest@4c583ecf]" name="tearDown" is-config="true" duration-ms="207" started-at="2022-12-26T17:44:28Z" finished-at="2022-12-26T17:44:29Z">
          <reporter-output>
          </reporter-output>
        </test-method> <!-- tearDown -->
      </class> <!-- com.qa.opencart.tests.HomePageTest -->
    </test> <!-- Open Cart Home Page Test_chromium -->
    <test name="Open Cart Home Page Test_firefox" duration-ms="13220" started-at="2022-12-26T17:44:17Z" finished-at="2022-12-26T17:44:30Z">
      <class name="com.qa.opencart.tests.HomePageTest">
        <test-method status="PASS" signature="setuP(java.lang.String)[pri:0, instance:com.qa.opencart.tests.HomePageTest@35e2d654]" name="setuP" is-config="true" duration-ms="10008" started-at="2022-12-26T17:44:17Z" finished-at="2022-12-26T17:44:27Z">
          <params>
            <param index="0">
              <value>
                <![CDATA[firefox]]>
              </value>
            </param>
          </params>
          <reporter-output>
          </reporter-output>
        </test-method> <!-- setuP -->
        <test-method status="PASS" signature="homePageTitleTest()[pri:0, instance:com.qa.opencart.tests.HomePageTest@35e2d654]" name="homePageTitleTest" duration-ms="32" started-at="2022-12-26T17:44:27Z" finished-at="2022-12-26T17:44:27Z">
          <reporter-output>
          </reporter-output>
        </test-method> <!-- homePageTitleTest -->
        <test-method status="PASS" signature="homePageUrlTest()[pri:0, instance:com.qa.opencart.tests.HomePageTest@35e2d654]" name="homePageUrlTest" duration-ms="154" started-at="2022-12-26T17:44:27Z" finished-at="2022-12-26T17:44:27Z">
          <reporter-output>
          </reporter-output>
        </test-method> <!-- homePageUrlTest -->
        <test-method status="PASS" signature="searchTest(java.lang.String)[pri:0, instance:com.qa.opencart.tests.HomePageTest@35e2d654]" name="searchTest" duration-ms="540" started-at="2022-12-26T17:44:27Z" data-provider="getData" finished-at="2022-12-26T17:44:28Z">
          <params>
            <param index="0">
              <value>
                <![CDATA[Macbook]]>
              </value>
            </param>
          </params>
          <reporter-output>
          </reporter-output>
        </test-method> <!-- searchTest -->
        <test-method status="PASS" signature="searchTest(java.lang.String)[pri:0, instance:com.qa.opencart.tests.HomePageTest@35e2d654]" name="searchTest" duration-ms="454" started-at="2022-12-26T17:44:28Z" data-provider="getData" finished-at="2022-12-26T17:44:28Z">
          <params>
            <param index="0">
              <value>
                <![CDATA[iMac]]>
              </value>
            </param>
          </params>
          <reporter-output>
          </reporter-output>
        </test-method> <!-- searchTest -->
        <test-method status="PASS" signature="searchTest(java.lang.String)[pri:0, instance:com.qa.opencart.tests.HomePageTest@35e2d654]" name="searchTest" duration-ms="439" started-at="2022-12-26T17:44:29Z" data-provider="getData" finished-at="2022-12-26T17:44:29Z">
          <params>
            <param index="0">
              <value>
                <![CDATA[Samsung]]>
              </value>
            </param>
          </params>
          <reporter-output>
          </reporter-output>
        </test-method> <!-- searchTest -->
        <test-method status="PASS" signature="tearDown()[pri:0, instance:com.qa.opencart.tests.HomePageTest@35e2d654]" name="tearDown" is-config="true" duration-ms="368" started-at="2022-12-26T17:44:30Z" finished-at="2022-12-26T17:44:30Z">
          <reporter-output>
          </reporter-output>
        </test-method> <!-- tearDown -->
      </class> <!-- com.qa.opencart.tests.HomePageTest -->
    </test> <!-- Open Cart Home Page Test_firefox -->
    <test name="Open Cart Login Page Test_chrome" duration-ms="17093" started-at="2022-12-26T17:44:17Z" finished-at="2022-12-26T17:44:34Z">
      <class name="com.qa.opencart.tests.LoginPageTest">
        <test-method status="PASS" signature="setuP(java.lang.String)[pri:0, instance:com.qa.opencart.tests.LoginPageTest@459e9125]" name="setuP" is-config="true" duration-ms="14202" started-at="2022-12-26T17:44:17Z" finished-at="2022-12-26T17:44:31Z">
          <params>
            <param index="0">
              <value>
                <![CDATA[chrome]]>
              </value>
            </param>
          </params>
          <reporter-output>
          </reporter-output>
        </test-method> <!-- setuP -->
        <test-method status="PASS" signature="loginpageNavigationTest()[pri:1, instance:com.qa.opencart.tests.LoginPageTest@459e9125]" name="loginpageNavigationTest" duration-ms="1180" started-at="2022-12-26T17:44:31Z" finished-at="2022-12-26T17:44:32Z">
          <reporter-output>
          </reporter-output>
        </test-method> <!-- loginpageNavigationTest -->
        <test-method status="FAIL" signature="forgotPwdLinkExistsTest()[pri:2, instance:com.qa.opencart.tests.LoginPageTest@459e9125]" name="forgotPwdLinkExistsTest" duration-ms="43" started-at="2022-12-26T17:44:32Z" finished-at="2022-12-26T17:44:32Z">
          <exception class="java.lang.AssertionError">
            <message>
              <![CDATA[expected [true] but found [false]]]>
            </message>
            <full-stacktrace>
              <![CDATA[java.lang.AssertionError: expected [true] but found [false]
at org.testng.Assert.fail(Assert.java:96)
at org.testng.Assert.failNotEquals(Assert.java:776)
at org.testng.Assert.assertTrue(Assert.java:44)
at org.testng.Assert.assertTrue(Assert.java:54)
at com.qa.opencart.tests.LoginPageTest.forgotPwdLinkExistsTest(LoginPageTest.java:26)
at sun.reflect.NativeMethodAccessorImpl.invoke0(Native Method)
at sun.reflect.NativeMethodAccessorImpl.invoke(NativeMethodAccessorImpl.java:62)
at sun.reflect.DelegatingMethodAccessorImpl.invoke(DelegatingMethodAccessorImpl.java:43)
at java.lang.reflect.Method.invoke(Method.java:498)
at org.testng.internal.MethodInvocationHelper.invokeMethod(MethodInvocationHelper.java:124)
at org.testng.internal.Invoker.invokeMethod(Invoker.java:583)
at org.testng.internal.Invoker.invokeTestMethod(Invoker.java:719)
at org.testng.internal.Invoker.invokeTestMethods(Invoker.java:989)
at org.testng.internal.TestMethodWorker.invokeTestMethods(TestMethodWorker.java:125)
at org.testng.internal.TestMethodWorker.run(TestMethodWorker.java:109)
at org.testng.TestRunner.privateRun(TestRunner.java:648)
at org.testng.TestRunner.run(TestRunner.java:505)
at org.testng.SuiteRunner.runTest(SuiteRunner.java:455)
at org.testng.SuiteRunner.access$000(SuiteRunner.java:40)
at org.testng.SuiteRunner$SuiteWorker.run(SuiteRunner.java:489)
at org.testng.internal.thread.ThreadUtil$1.call(ThreadUtil.java:52)
at java.util.concurrent.FutureTask.run(FutureTask.java:266)
at java.util.concurrent.ThreadPoolExecutor.runWorker(ThreadPoolExecutor.java:1149)
at java.util.concurrent.ThreadPoolExecutor$Worker.run(ThreadPoolExecutor.java:624)
at java.lang.Thread.run(Thread.java:748)
]]>
            </full-stacktrace>
          </exception> <!-- java.lang.AssertionError -->
          <reporter-output>
          </reporter-output>
        </test-method> <!-- forgotPwdLinkExistsTest -->
        <test-method status="PASS" signature="appLoginTest()[pri:3, instance:com.qa.opencart.tests.LoginPageTest@459e9125]" name="appLoginTest" duration-ms="859" started-at="2022-12-26T17:44:32Z" finished-at="2022-12-26T17:44:33Z">
          <reporter-output>
          </reporter-output>
        </test-method> <!-- appLoginTest -->
        <test-method status="PASS" signature="tearDown()[pri:0, instance:com.qa.opencart.tests.LoginPageTest@459e9125]" name="tearDown" is-config="true" duration-ms="264" started-at="2022-12-26T17:44:34Z" finished-at="2022-12-26T17:44:34Z">
          <reporter-output>
          </reporter-output>
        </test-method> <!-- tearDown -->
      </class> <!-- com.qa.opencart.tests.LoginPageTest -->
    </test> <!-- Open Cart Login Page Test_chrome -->
  </suite> <!-- Open Cart Test Regression PW Suite -->
</testng-results>
